<?xml version="1.0" encoding="UTF-8"?>
<!-- Generated by org.testng.reporters.JUnitReportReporter -->
<testsuite hostname="PC-20141112ONBO" name="com.guoxin.demo.MavenTestNgDemo.TestDBConnection" tests="5" failures="0" timestamp="26 Nov 2018 08:47:41 GMT" time="0.012" errors="2">
  <testcase name="runOtherTest3" time="0.001" classname="com.guoxin.demo.MavenTestNgDemo.TestDBConnection"/>
  <testcase name="runOtherTest1" time="0.002" classname="com.guoxin.demo.MavenTestNgDemo.TestDBConnection"/>
  <testcase name="runOtherTest7" time="0.000" classname="com.guoxin.demo.MavenTestNgDemo.TestDBConnection">
    <error type="java.lang.Throwable" message="Method TestDBConnection.runOtherTest7()[pri:0, instance:com.guoxin.demo.MavenTestNgDemo.TestDBConnection@128ccdf] depends on not successfully finished methods">
      <![CDATA[java.lang.Throwable: Method TestDBConnection.runOtherTest7()[pri:0, instance:com.guoxin.demo.MavenTestNgDemo.TestDBConnection@128ccdf] depends on not successfully finished methods
	at org.testng.internal.Invoker.invokeTestMethods(Invoker.java:1040)
	at org.testng.internal.TestMethodWorker.invokeTestMethods(TestMethodWorker.java:124)
	at org.testng.internal.TestMethodWorker.run(TestMethodWorker.java:108)
	at org.testng.TestRunner.privateRun(TestRunner.java:773)
	at org.testng.TestRunner.run(TestRunner.java:623)
	at org.testng.SuiteRunner.runTest(SuiteRunner.java:357)
	at org.testng.SuiteRunner.runSequentially(SuiteRunner.java:352)
	at org.testng.SuiteRunner.privateRun(SuiteRunner.java:310)
	at org.testng.SuiteRunner.run(SuiteRunner.java:259)
	at org.testng.SuiteRunnerWorker.runSuite(SuiteRunnerWorker.java:52)
	at org.testng.SuiteRunnerWorker.run(SuiteRunnerWorker.java:86)
	at org.testng.TestNG.runSuitesSequentially(TestNG.java:1185)
	at org.testng.TestNG.runSuitesLocally(TestNG.java:1110)
	at org.testng.TestNG.run(TestNG.java:1018)
	at org.testng.remote.AbstractRemoteTestNG.run(AbstractRemoteTestNG.java:114)
	at org.testng.remote.RemoteTestNG.initAndRun(RemoteTestNG.java:251)
	at org.testng.remote.RemoteTestNG.main(RemoteTestNG.java:77)
]]>
    </error>
  </testcase> <!-- runOtherTest7 -->
  <testcase name="runOtherTest6" time="0.004" classname="com.guoxin.demo.MavenTestNgDemo.TestDBConnection">
    <error type="java.lang.RuntimeException">
      <![CDATA[java.lang.RuntimeException
	at com.guoxin.demo.MavenTestNgDemo.TestDBConnection.runOtherTest6(TestDBConnection.java:54)
	at sun.reflect.NativeMethodAccessorImpl.invoke0(Native Method)
	at sun.reflect.NativeMethodAccessorImpl.invoke(NativeMethodAccessorImpl.java:57)
	at sun.reflect.DelegatingMethodAccessorImpl.invoke(DelegatingMethodAccessorImpl.java:43)
	at java.lang.reflect.Method.invoke(Method.java:606)
	at org.testng.internal.MethodInvocationHelper.invokeMethod(MethodInvocationHelper.java:85)
	at org.testng.internal.Invoker.invokeMethod(Invoker.java:639)
	at org.testng.internal.Invoker.invokeTestMethod(Invoker.java:821)
	at org.testng.internal.Invoker.invokeTestMethods(Invoker.java:1131)
	at org.testng.internal.TestMethodWorker.invokeTestMethods(TestMethodWorker.java:124)
	at org.testng.internal.TestMethodWorker.run(TestMethodWorker.java:108)
	at org.testng.TestRunner.privateRun(TestRunner.java:773)
	at org.testng.TestRunner.run(TestRunner.java:623)
	at org.testng.SuiteRunner.runTest(SuiteRunner.java:357)
	at org.testng.SuiteRunner.runSequentially(SuiteRunner.java:352)
	at org.testng.SuiteRunner.privateRun(SuiteRunner.java:310)
	at org.testng.SuiteRunner.run(SuiteRunner.java:259)
	at org.testng.SuiteRunnerWorker.runSuite(SuiteRunnerWorker.java:52)
	at org.testng.SuiteRunnerWorker.run(SuiteRunnerWorker.java:86)
	at org.testng.TestNG.runSuitesSequentially(TestNG.java:1185)
	at org.testng.TestNG.runSuitesLocally(TestNG.java:1110)
	at org.testng.TestNG.run(TestNG.java:1018)
	at org.testng.remote.AbstractRemoteTestNG.run(AbstractRemoteTestNG.java:114)
	at org.testng.remote.RemoteTestNG.initAndRun(RemoteTestNG.java:251)
	at org.testng.remote.RemoteTestNG.main(RemoteTestNG.java:77)
]]>
    </error>
  </testcase> <!-- runOtherTest6 -->
  <testcase name="runOtherTest2" time="0.005" classname="com.guoxin.demo.MavenTestNgDemo.TestDBConnection"/>
</testsuite> <!-- com.guoxin.demo.MavenTestNgDemo.TestDBConnection -->
